login failed.-2020/09/24 12:13:55
zahra_shf1988@gmail.com logged in successfully.-2020/09/24 12:16:06
zahra_shf1988@gmail.com logged in successfully.-2020/09/24 12:17:01
zahra_shf1988@gmail.com logged in successfully.-2020/09/24 12:17:12
zahra_shf1988@gmail.com logged in successfully.-2020/09/24 12:19:48
komeil@gmail.com logged in successfully.-2020/09/24 12:32:40
zahra_shf1988@gmail.com logged in successfully.-2020/09/24 12:33:00
zahra_shf1988@gmail.com logged in successfully.-2020/09/24 12:33:44
zahra_shf1988@gmail.com logged in successfully.-2020/09/24 12:34:00
zahra_shf1988@gmail.com logged in successfully.-2020/09/24 12:42:16
komeil@gmail.com logged in successfully.-2020/09/24 12:44:23
maktab.service.QuestionService@68739369 wants to add.-2020/09/24 12:46:00
maktab.service.QuestionService@68739369 wants to add.-2020/09/24 12:46:41
maktab.service.QuestionService@68739369 wants to add.-2020/09/24 12:50:42
komeil@gmail.com logged in successfully.-2020/09/24 12:57:13
maktab.service.QuestionService@2fbda0f9 wants to add.-2020/09/24 12:57:45
maktab.service.QuestionService@2fbda0f9 wants to add.-2020/09/24 01:03:53
maktab.service.QuestionService@2fbda0f9 wants to add.-2020/09/24 01:04:27
maktab.service.QuestionService@2fbda0f9 wants to add.-2020/09/24 01:05:09
komeil@gmail.com logged in successfully.-2020/09/24 01:12:24
maktab.service.QuestionService@466d2b79 wants to add.-2020/09/24 01:12:49
maktab.service.QuestionService@466d2b79 wants to add.-2020/09/24 01:13:16
maktab.service.QuestionService@466d2b79 wants to add.-2020/09/24 01:16:53
komeil@gmail.com logged in successfully.-2020/09/24 01:21:21
maktab.service.QuestionService@8377312 wants to add.-2020/09/24 01:21:49
komeil@gmail.com logged in successfully.-2020/09/24 01:26:21
maktab.service.QuestionService@3e0023a9 wants to add.-2020/09/24 01:26:39
komeil@gmail.com logged in successfully.-2020/09/24 06:30:35
maktab.service.QuestionService@6daef468 wants to add.-2020/09/24 06:30:57
maktab.service.QuestionService@6daef468 wants to add.-2020/09/24 06:33:19
maktab.service.QuestionService@6daef468 wants to add.-2020/09/24 06:38:11
maktab.service.QuestionService@6daef468 wants to add.-2020/09/24 06:42:03
komeil@gmail.com logged in successfully.-2020/09/24 09:27:52
komeil@gmail.com logged in successfully.-2020/09/24 09:40:24
komeil@gmail.com logged in successfully.-2020/09/24 09:53:20
komeil@gmail.com logged in successfully.-2020/09/24 09:57:10
komeil@gmail.com logged in successfully.-2020/09/24 10:00:26
komeil@gmail.com logged in successfully.-2020/09/24 12:38:25
komeil@gmail.com logged in successfully.-2020/09/24 01:00:52
maktab.service.QuestionService@426823d6 wants to add.-2020/09/24 02:33:59
maktab.service.QuestionService@426823d6 wants to add.-2020/09/24 02:35:29
komeil@gmail.com logged in successfully.-2020/09/24 04:35:28
maktab.service.QuestionService@2d1c449d wants to add.-2020/09/24 04:37:19
maktab.service.QuestionService@2d1c449d wants to add.-2020/09/24 04:38:36
maktab.service.ExamService@22f69da8 wants to add.-2020/09/24 04:52:21
maktab.service.QuestionService@2d1c449d wants to add.-2020/09/24 04:52:44
komeil@gmail.com logged in successfully.-2020/09/24 05:02:40
maktab.service.QuestionService@10d8ea63 wants to add.-2020/09/24 05:03:41
maktab.service.QuestionService@10d8ea63 wants to add.-2020/09/24 05:03:41
maktab.service.QuestionService@10d8ea63 wants to add.-2020/09/24 05:05:01
maktab.service.QuestionService@10d8ea63 wants to add.-2020/09/24 05:05:01
komeil@gmail.com logged in successfully.-2020/09/24 05:35:10
komeil@gmail.com logged in successfully.-2020/09/24 05:56:43
maktab.service.QuestionService@56e894b8 wants to add.-2020/09/24 05:57:25
komeil@gmail.com logged in successfully.-2020/09/24 06:33:29
maktab.service.QuestionService@453e20c6 wants to add.-2020/09/24 07:10:54
zahra_shf1988@gmail.com logged in successfully.-2020/09/24 08:34:56
komeil@gmail.com logged in successfully.-2020/09/24 09:00:15
maktab.service.ExamService@ccfb997 wants to add.-2020/09/24 09:04:03
komeil@gmail.com logged in successfully.-2020/09/24 09:09:21
komeil@gmail.com logged in successfully.-2020/09/27 04:31:51
komeil@gmail.com logged in successfully.-2020/09/27 06:57:48
maktab.service.ExamService@78b75dcd wants to add.-2020/09/27 07:04:03
maktab.service.ExamService@78b75dcd wants to add.-2020/09/27 07:05:39
maktab.service.QuestionService@53d8fa93 wants to add.-2020/09/29 03:30:11
maktab.service.QuestionService@53d8fa93 wants to add.-2020/09/29 07:22:10
maktab.service.QuestionService@53d8fa93 wants to add.-2020/09/29 07:23:08
maktab.service.QuestionService@53d8fa93 wants to add.-2020/09/29 07:24:17
maktab.service.QuestionService@53d8fa93 wants to add.-2020/09/29 07:24:50
i am here-2020/11/24 10:06:44
book with id=1 get borrowed with user id:7 at:2020/11/24 10:18:41
